<?xml version="1.0" encoding="UTF-8"?>
<robot generator="Robot 4.0.3 (Python 3.9.5 on win32)" generated="20210630 11:04:38.839" rpa="false" schemaversion="2">
<suite id="s1" name="TC POST Requests" source="C:\Users\John Olanipekun\gittest\open_source\REST API Testing\TestCases\TC_POST_Requests.robot">
<test id="s1-t1" name="Put_CustomerRegistration">
<kw name="Create Session" library="RequestsLibrary">
<arg>mysession</arg>
<arg>${base_url}</arg>
<doc>Create Session: create a HTTP session to a server</doc>
<msg timestamp="20210630 11:04:39.359" level="FAIL">Variable '${base_url}' not found.</msg>
<status status="FAIL" starttime="20210630 11:04:39.358" endtime="20210630 11:04:39.359"/>
</kw>
<kw name="Create Dictionary" library="BuiltIn">
<var>${body}</var>
<arg>FirstName=John124</arg>
<arg>LastName=Ola124</arg>
<arg>UserName = JohnOla</arg>
<arg>Password=john1234</arg>
<arg>Email = john@gmail.com</arg>
<doc>Creates and returns a dictionary based on the given ``items``.</doc>
<status status="NOT RUN" starttime="20210630 11:04:39.361" endtime="20210630 11:04:39.361"/>
</kw>
<kw name="${header} = create dictionary">
<arg>Content-Type=application/json</arg>
<status status="NOT RUN" starttime="20210630 11:04:39.363" endtime="20210630 11:04:39.363"/>
</kw>
<kw name="${response} = post request">
<arg>mysession</arg>
<arg>/register</arg>
<arg>data = ${body}</arg>
<arg>headers = ${header}</arg>
<status status="NOT RUN" starttime="20210630 11:04:39.372" endtime="20210630 11:04:39.372"/>
</kw>
<kw name="Log To Console" library="BuiltIn">
<arg>${response.status_code}</arg>
<doc>Logs the given message to the console.</doc>
<status status="NOT RUN" starttime="20210630 11:04:39.373" endtime="20210630 11:04:39.373"/>
</kw>
<kw name="Log To Console" library="BuiltIn">
<arg>${response.content}</arg>
<doc>Logs the given message to the console.</doc>
<status status="NOT RUN" starttime="20210630 11:04:39.374" endtime="20210630 11:04:39.374"/>
</kw>
<kw name="Convert To String" library="BuiltIn">
<var>${status_code}</var>
<arg>${response.status_code}</arg>
<doc>Converts the given item to a Unicode string.</doc>
<status status="NOT RUN" starttime="20210630 11:04:39.374" endtime="20210630 11:04:39.374"/>
</kw>
<kw name="Should Be Equal" library="BuiltIn">
<arg>${status_code}</arg>
<arg>201</arg>
<doc>Fails if the given objects are unequal.</doc>
<status status="NOT RUN" starttime="20210630 11:04:39.375" endtime="20210630 11:04:39.375"/>
</kw>
<kw name="Convert To String" library="BuiltIn">
<var>${res_body}</var>
<arg>${response.content}</arg>
<doc>Converts the given item to a Unicode string.</doc>
<status status="NOT RUN" starttime="20210630 11:04:39.376" endtime="20210630 11:04:39.376"/>
</kw>
<kw name="Should Contain" library="BuiltIn">
<arg>${res_body}</arg>
<arg>OPERATION_SUCCESS</arg>
<doc>Fails if ``container`` does not contain ``item`` one or more times.</doc>
<status status="NOT RUN" starttime="20210630 11:04:39.377" endtime="20210630 11:04:39.377"/>
</kw>
<kw name="Should Contain" library="BuiltIn">
<arg>${res_body}</arg>
<arg>Operation completed successfully</arg>
<doc>Fails if ``container`` does not contain ``item`` one or more times.</doc>
<status status="NOT RUN" starttime="20210630 11:04:39.378" endtime="20210630 11:04:39.378"/>
</kw>
<status status="FAIL" starttime="20210630 11:04:39.357" endtime="20210630 11:04:39.379">Variable '${base_url}' not found.</status>
</test>
<status status="FAIL" starttime="20210630 11:04:38.844" endtime="20210630 11:04:39.383"/>
</suite>
<statistics>
<total>
<stat pass="0" fail="1" skip="0">All Tests</stat>
</total>
<tag>
</tag>
<suite>
<stat pass="0" fail="1" skip="0" id="s1" name="TC POST Requests">TC POST Requests</stat>
</suite>
</statistics>
<errors>
<msg timestamp="20210630 11:04:38.844" level="ERROR">Error in file 'C:\Users\John Olanipekun\gittest\open_source\REST API Testing\TestCases\TC_POST_Requests.robot' on line 8: Setting variable '${base_url} = http://restapi.demoqa.com/customer' failed: Invalid variable name '${base_url} = http://restapi.demoqa.com/customer'.</msg>
</errors>
</robot>
